<?xml version="1.0" encoding="UTF-8"?>
<!-- Generated by org.testng.reporters.JUnitXMLReporter -->
<testsuite ignored="0" hostname="DESKTOP-45D2DID" failures="0" tests="3" name="Test_paraller" time="65.204" errors="0" timestamp="2022-07-14T15:41:50 IST">
  <testcase classname="paraller.parallerEx1" name="homePageTitle" time="0.07"/>
  <testcase classname="paraller.parallerEx1" name="logoTest" time="0.73"/>
  <testcase classname="paraller.parallerEx2" name="login" time="64.929"/>
</testsuite> <!-- Test_paraller -->
