<?xml version="1.0" encoding="UTF-8"?>
<!-- Generated by org.testng.reporters.JUnitXMLReporter -->
<testsuite ignored="1" hostname="DESKTOP-45D2DID" failures="0" tests="1" name="myntraSelenium(failed)(failed)" time="26.211" errors="0" timestamp="2022-07-07T20:59:05 IST">
  <testcase classname="first.myntraSelenium" name="myntra" time="26.199"/>
  <testcase classname="first.myntraSelenium" name="Google" time="0.0">
    <ignored/>
  </testcase> <!-- Google -->
</testsuite> <!-- myntraSelenium(failed)(failed) -->
