<?xml version="1.0" encoding="UTF-8"?>
<!-- Generated by org.testng.reporters.JUnitXMLReporter -->
<testsuite ignored="4" hostname="DESKTOP-45D2DID" failures="1" tests="1" name="orangeHRM(failed)(failed)" time="0.101" errors="0" timestamp="2022-07-07T20:58:38 IST">
  <testcase classname="first.orangeHRM" name="loginVerify" time="0.018">
    <failure type="java.lang.NullPointerException" message="Cannot invoke &amp;quot;org.openqa.selenium.WebDriver.findElement(org.openqa.selenium.By)&amp;quot; because &amp;quot;this.driver&amp;quot; is null">
      <![CDATA[java.lang.NullPointerException: Cannot invoke "org.openqa.selenium.WebDriver.findElement(org.openqa.selenium.By)" because "this.driver" is null
at first.orangeHRM.loginVerify(orangeHRM.java:59)
at java.base/java.util.ArrayList.forEach(ArrayList.java:1511)
... Removed 27 stack frames]]>
    </failure>
  </testcase> <!-- loginVerify -->
  <testcase classname="first.orangeHRM" name="myInfoVerify" time="0.0">
    <ignored/>
  </testcase> <!-- myInfoVerify -->
  <testcase classname="first.orangeHRM" name="myInfo" time="0.0">
    <ignored/>
  </testcase> <!-- myInfo -->
  <testcase classname="first.orangeHRM" name="enterloginDetails" time="0.0">
    <ignored/>
  </testcase> <!-- enterloginDetails -->
  <testcase classname="first.orangeHRM" name="lunchApp" time="0.0">
    <ignored/>
  </testcase> <!-- lunchApp -->
</testsuite> <!-- orangeHRM(failed)(failed) -->
