<?xml version="1.0" encoding="UTF-8"?>
<!-- Generated by org.testng.reporters.JUnitXMLReporter -->
<testsuite ignored="1" hostname="DESKTOP-45D2DID" failures="0" tests="4" name="orangeHRMmyInfo" time="51.145" errors="0" timestamp="2022-07-07T20:53:55 IST">
  <testcase classname="first.orangeHRM" name="lunchApp" time="24.711"/>
  <testcase classname="first.orangeHRM" name="enterloginDetails" time="16.28"/>
  <testcase classname="first.orangeHRM" name="myInfo" time="7.698"/>
  <testcase classname="first.orangeHRM" name="myInfoVerify" time="2.44"/>
  <testcase classname="first.orangeHRM" name="loginVerify" time="0.0">
    <ignored/>
  </testcase> <!-- loginVerify -->
</testsuite> <!-- orangeHRMmyInfo -->
