<?xml version="1.0" encoding="UTF-8"?>
<!-- Generated by org.testng.reporters.JUnitXMLReporter -->
<testsuite ignored="0" hostname="DESKTOP-45D2DID" failures="0" tests="4" name="TestAnnotaion" time="0.15" errors="0" timestamp="2022-12-13T11:52:14 IST">
  <testcase classname="Annotaion.TC2" name="test3" time="0.013"/>
  <testcase classname="Annotaion.TC2" name="test4" time="0.004"/>
  <testcase classname="Annotaion.tc1" name="test1" time="0.005"/>
  <testcase classname="Annotaion.tc1" name="test2" time="0.006"/>
</testsuite> <!-- TestAnnotaion -->
