<?xml version="1.0" encoding="UTF-8"?>
<!-- Generated by org.testng.reporters.JUnitXMLReporter -->
<testsuite ignored="0" hostname="DESKTOP-45D2DID" failures="2" tests="5" name="ExtentReportListners" time="0.492" errors="0" timestamp="2022-07-29T16:13:26 IST">
  <testcase classname="testNgreports.listenerExtentExample" name="LaunchBrowser" time="0.013"/>
  <testcase classname="testNgreports.listenerExtentExample" name="verifyUsername" time="0.013">
    <failure type="java.lang.AssertionError" message="expected [true] but found [false]">
      <![CDATA[java.lang.AssertionError: expected [true] but found [false]
at testNgreports.listenerExtentExample.verifyUsername(listenerExtentExample.java:41)
at java.base/java.util.ArrayList.forEach(ArrayList.java:1511)
... Removed 31 stack frames]]>
    </failure>
  </testcase> <!-- verifyUsername -->
  <testcase classname="testNgreports.listenerExtentExample" name="verifyemail" time="0.008">
    <skipped/>
  </testcase> <!-- verifyemail -->
  <testcase classname="testNgreports.listenerExtentExample" name="verifylogo" time="0.002"/>
  <testcase classname="testNgreports.listenerExtentExample" name="verifytitle" time="0.006">
    <failure type="java.lang.AssertionError" message="expected [true] but found [false]">
      <![CDATA[java.lang.AssertionError: expected [true] but found [false]
at testNgreports.listenerExtentExample.verifytitle(listenerExtentExample.java:21)
at java.base/java.util.ArrayList.forEach(ArrayList.java:1511)
... Removed 31 stack frames]]>
    </failure>
  </testcase> <!-- verifytitle -->
</testsuite> <!-- ExtentReportListners -->
