<?xml version="1.0" encoding="UTF-8"?>
<!-- Generated by org.testng.reporters.JUnitXMLReporter -->
<testsuite ignored="0" hostname="DESKTOP-45D2DID" failures="1" tests="3" name="Test_Listener" time="0.139" errors="0" timestamp="2022-07-29T15:53:50 IST">
  <testcase classname="lisenters.listnersTest2_XML" name="test1" time="0.025"/>
  <testcase classname="lisenters.listnersTest2_XML" name="test2" time="0.014">
    <failure type="java.lang.AssertionError" message="expected [B] but found [A]">
      <![CDATA[java.lang.AssertionError: expected [B] but found [A]
at lisenters.listnersTest2_XML.test2(listnersTest2_XML.java:27)
at java.base/java.util.ArrayList.forEach(ArrayList.java:1511)
... Removed 33 stack frames]]>
    </failure>
  </testcase> <!-- test2 -->
  <testcase classname="lisenters.listnersTest2_XML" name="test3" time="0.005">
    <skipped/>
  </testcase> <!-- test3 -->
</testsuite> <!-- Test_Listener -->
