<?xml version="1.0" encoding="UTF-8"?>
<!-- Generated by org.testng.reporters.JUnitXMLReporter -->
<testsuite ignored="3" hostname="DESKTOP-45D2DID" failures="0" tests="2" name="TestGrp" time="0.107" errors="0" timestamp="2022-11-19T19:43:15 IST">
  <testcase classname="Grouping.Grpex1" name="test2" time="0.017"/>
  <testcase classname="Grouping.Grpex1" name="test4" time="0.003"/>
  <testcase classname="Grouping.Grpex1" name="test5" time="0.0">
    <ignored/>
  </testcase> <!-- test5 -->
  <testcase classname="Grouping.Grpex1" name="test3" time="0.0">
    <ignored/>
  </testcase> <!-- test3 -->
  <testcase classname="Grouping.Grpex1" name="test1" time="0.0">
    <ignored/>
  </testcase> <!-- test1 -->
</testsuite> <!-- TestGrp -->
