<?xml version="1.0" encoding="UTF-8"?>
<testng-results ignored="0" total="0" passed="0" failed="0" skipped="0">
  <reporter-output>
  </reporter-output>
  <suite started-at="2022-12-13T21:33:00 IST" name="crsBrsing" finished-at="2022-12-13T21:33:00 IST" duration-ms="35">
    <groups>
    </groups>
    <test started-at="2022-12-13T21:33:00 IST" name="chrome" finished-at="2022-12-13T21:33:00 IST" duration-ms="35">
    </test> <!-- chrome -->
    <test started-at="2022-12-13T21:33:00 IST" name="firefox" finished-at="2022-12-13T21:33:00 IST" duration-ms="35">
    </test> <!-- firefox -->
  </suite> <!-- crsBrsing -->
</testng-results>
